#
# A fatal error has been detected by the Java Runtime Environment:
#
#  EXCEPTION_ACCESS_VIOLATION (0xc0000005) at pc=0x00007ffcdea8ad06, pid=21760, tid=14684
#
# JRE version: Java(TM) SE Runtime Environment (24.0.2+12) (build 24.0.2+12-54)
# Java VM: Java HotSpot(TM) 64-Bit Server VM (24.0.2+12-54, mixed mode, sharing, tiered, compressed oops, compressed class ptrs, g1 gc, windows-amd64)
# Problematic frame:
# C  [awt.dll+0xdad06]
#
# No core dump will be written. Minidumps are not enabled by default on client versions of Windows
#
# If you would like to submit a bug report, please visit:
#   https://bugreport.java.com/bugreport/crash.jsp
# The crash happened outside the Java Virtual Machine in native code.
# See problematic frame for where to report the bug.
#

---------------  S U M M A R Y ------------

Command Line: iessineu.penguinrunner.PenguinRunner

Host: 13th Gen Intel(R) Core(TM) i5-13500H, 16 cores, 15G,  Windows 11 , 64 bit Build 26100 (10.0.26100.8328)
Time: Thu May 28 23:12:07 2026 Hora de verano romance elapsed time: 59.975378 seconds (0d 0h 0m 59s)

---------------  T H R E A D  ---------------

Current thread (0x000002435487dde0):  JavaThread "AWT-EventQueue-0"        [_thread_in_native, id=14684, stack(0x000000d6d9500000,0x000000d6d9600000) (1024K)]

Stack: [0x000000d6d9500000,0x000000d6d9600000],  sp=0x000000d6d95feab0,  free space=1018k
Native frames: (J=compiled Java code, j=interpreted, Vv=VM code, C=native code)
C  [awt.dll+0xdad06]  (no source info available)
C  [awt.dll+0xdc542]  (no source info available)
C  0x000002430745ce20  (no source info available)

The last pc belongs to native method entry point (kind = native) (printed below).
Java frames: (J=compiled Java code, j=interpreted, Vv=VM code)
j  sun.awt.Win32GraphicsDevice.initNativeScale(I)V+0 java.desktop@24.0.2
j  sun.awt.Win32GraphicsDevice.initScaleFactors()V+60 java.desktop@24.0.2
j  sun.awt.Win32GraphicsDevice.displayChanged()V+16 java.desktop@24.0.2
j  sun.awt.Win32GraphicsEnvironment.displayChanged()V+271 java.desktop@24.0.2
j  sun.awt.windows.WToolkit.lambda$displayChanged$0()V+15 java.desktop@24.0.2
j  sun.awt.windows.WToolkit$$Lambda+0x00000243101058d0.run()V+0 java.desktop@24.0.2
j  java.awt.event.InvocationEvent.dispatch()V+47 java.desktop@24.0.2
j  java.awt.EventQueue.dispatchEventImpl(Ljava/awt/AWTEvent;Ljava/lang/Object;)V+21 java.desktop@24.0.2
j  java.awt.EventQueue.dispatchEvent(Ljava/awt/AWTEvent;)V+22 java.desktop@24.0.2
j  java.awt.EventDispatchThread.pumpOneEventForFilters(I)V+81 java.desktop@24.0.2
j  java.awt.EventDispatchThread.pumpEventsForFilter(ILjava/awt/Conditional;Ljava/awt/EventFilter;)V+35 java.desktop@24.0.2
j  java.awt.EventDispatchThread.pumpEventsForHierarchy(ILjava/awt/Conditional;Ljava/awt/Component;)V+11 java.desktop@24.0.2
j  java.awt.EventDispatchThread.pumpEvents(ILjava/awt/Conditional;)V+4 java.desktop@24.0.2
j  java.awt.EventDispatchThread.pumpEvents(Ljava/awt/Conditional;)V+3 java.desktop@24.0.2
j  java.awt.EventDispatchThread.run()V+9 java.desktop@24.0.2
v  ~StubRoutines::call_stub 0x0000024307450fcd

siginfo: EXCEPTION_ACCESS_VIOLATION (0xc0000005), reading address 0x000000010000004e


Registers:
RAX=0x00000000fffffffe, RBX=0x0000024356e56920, RCX=0x00000000fffffffe, RDX=0x0000000000000000
RSP=0x000000d6d95feab0, RBP=0x000000d6d95feb90, RSI=0x0000000000000000, RDI=0x0000000000000000
R8 =0x0000000000000001, R9 =0x000000d6d7a99000, R10=0x000002430745cec0, R11=0x0000000000000100
R12=0x0000000000000000, R13=0x000002435022e798, R14=0x000000d6d95febb8, R15=0x000002435487dde0
RIP=0x00007ffcdea8ad06, EFLAGS=0x0000000000010202

XMM[0]=0x0000000000000000 0x0000000000000000
XMM[1]=0x0000000000000000 0x00000000bf800000
XMM[2]=0x0000000000000000 0x3ff0000000000000
XMM[3]=0x0000000000000000 0x3ff0000000000000
XMM[4]=0x0000000000000000 0x0000000000000000
XMM[5]=0x0000000000000000 0x0000000000000000
XMM[6]=0x0000000000000000 0x2824b389dc71bd97
XMM[7]=0x0000000000000000 0xad238b4c342a2276
XMM[8]=0x0000000000000000 0xbaed75ee5c52007f
XMM[9]=0x0000000000000000 0x23ad2e812a7f9828
XMM[10]=0x0000000000000000 0x0000000006d269a7
XMM[11]=0x0000000000000000 0xc9be5583f43dedab
XMM[12]=0x0000000000000000 0x000000002a7f9828
XMM[13]=0x0000000000000000 0x0000000000000000
XMM[14]=0x0000000000000000 0x0000000000000000
XMM[15]=0x0000000000000000 0x0000000000000000
  MXCSR=0x00001fa2


Register to memory mapping:

RAX=0x00000000fffffffe is an unknown value
RBX=0x0000024356e56920 points into unknown readable memory: 0x0000024354c73ea0 | a0 3e c7 54 43 02 00 00
RCX=0x00000000fffffffe is an unknown value
RDX=0x0 is null
RSP=0x000000d6d95feab0 is pointing into the stack for thread: 0x000002435487dde0
RBP=0x000000d6d95feb90 is pointing into the stack for thread: 0x000002435487dde0
RSI=0x0 is null
RDI=0x0 is null
R8 =0x0000000000000001 is an unknown value
R9 =0x000000d6d7a99000 points into unknown readable memory: 0x0000000000000000 | 00 00 00 00 00 00 00 00
R10=0x000002430745cec0 is at code_begin+1152 in an Interpreter codelet
native method entry point (kind = native)  [0x000002430745ca40, 0x000002430745d478]  2616 bytes
R11=0x0000000000000100 is an unknown value
R12=0x0 is null
R13={method} {0x000002435022e7a0} 'initNativeScale' '(I)V' in 'sun/awt/Win32GraphicsDevice'
R14=0x000000d6d95febb8 is pointing into the stack for thread: 0x000002435487dde0
R15=0x000002435487dde0 is a thread

Top of Stack: (sp=0x000000d6d95feab0)
0x000000d6d95feab0:   0000024356e56920 0000000000000000    i.VC...........
0x000000d6d95feac0:   000002435096bfc8 0000024356e56920   ...PC... i.VC...
0x000000d6d95fead0:   0000024356e56920 00007ffcdea8c542    i.VC...B.......
0x000000d6d95feae0:   00007ffcdeae7838 000002435022e798   8x........"PC...
0x000000d6d95feaf0:   0000000000000000 0000000000000001   ................
0x000000d6d95feb00:   000002430745899a 000002430745ce20   ..E.C... .E.C...
0x000000d6d95feb10:   000002435022e798 0000000000000000   .."PC...........
0x000000d6d95feb20:   0000020000000000 000000d6d95fec68   ........h._.....
0x000000d6d95feb30:   000000d6d95fec10 00007ffce0cef979   .._.....y.......
0x000000d6d95feb40:   000000d6d95fec80 fffffffffffffff7   .._.............
0x000000d6d95feb50:   0000000000000000 0000000000000005   ................
0x000000d6d95feb60:   0000024350231d40 0000000000000000   @.#PC...........
0x000000d6d95feb70:   0000000713f17160 000002435022e798   `q........"PC...
0x000000d6d95feb80:   0000000000000000 000000d6d95febb0   .........._.....
0x000000d6d95feb90:   000000d6d95fec08 0000024307458800   .._.......E.C...
0x000000d6d95feba0:   0000000000000000 000002430745a437   ........7.E.C...
0x000000d6d95febb0:   0000000000000000 0000000713f63250   ........P2......
0x000000d6d95febc0:   fffffffffffffff7 000002435022edfc   .........."PC...
0x000000d6d95febd0:   0000000000000002 0000024350231d40   ........@.#PC...
0x000000d6d95febe0:   0000000000000000 0000000713f17160   ........`q......
0x000000d6d95febf0:   000002435022ee48 fffffffffffffff5   H."PC...........
0x000000d6d95fec00:   000000d6d95fec18 000000d6d95fec68   .._.....h._.....
0x000000d6d95fec10:   0000024307458800 0000000713f63250   ..E.C...P2......
0x000000d6d95fec20:   fffffffffffffff7 00000243502305b8   ..........#PC...
0x000000d6d95fec30:   0000000000000003 0000024350231d40   ........@.#PC...
0x000000d6d95fec40:   0000000000000000 0000000713f17160   ........`q......
0x000000d6d95fec50:   0000024350230600 fffffffffffffff6   ..#PC...........
0x000000d6d95fec60:   000000d6d95fec80 000000d6d95fecd0   .._......._.....
0x000000d6d95fec70:   0000024307458800 0000000000000000   ..E.C...........
0x000000d6d95fec80:   0000000713f63250 fffffffffffffff7   P2..............
0x000000d6d95fec90:   000002435021fedf 0000000000000008   ..!PC...........
0x000000d6d95feca0:   0000024350224438 0000000000000000   8D"PC...........

Instructions: (pc=0x00007ffcdea8ad06)
  0x00007ffcdea8ac06:   11 45 d4 0f 11 45 e4 0f 11 45 f4 89 45 04 c7 45
  0x00007ffcdea8ac16:   a0 68 00 00 00 0f 11 44 24 34 0f 11 44 24 44 0f
  0x00007ffcdea8ac26:   11 44 24 54 0f 11 44 24 64 0f 11 44 24 74 0f 11
  0x00007ffcdea8ac36:   45 84 89 45 94 c7 44 24 30 68 00 00 00 48 8d 55
  0x00007ffcdea8ac46:   a0 49 8b ce ff 15 c8 5c 06 00 85 c0 74 41 48 8d
  0x00007ffcdea8ac56:   54 24 30 48 8b ce ff 15 b6 5c 06 00 85 c0 74 2f
  0x00007ffcdea8ac66:   48 8d 54 24 34 48 8d 4d a4 ff 15 eb 5b 06 00 85
  0x00007ffcdea8ac76:   c0 74 1c 48 8d 54 24 44 48 8d 4d b4 ff 15 d8 5b
  0x00007ffcdea8ac86:   06 00 85 c0 74 09 8b 44 24 54 39 45 c4 74 11 ff
  0x00007ffcdea8ac96:   c7 3b 7b 0c 0f 8c 40 ff ff ff 8b 3d 7a 96 06 00
  0x00007ffcdea8aca6:   48 8b cb e8 62 d2 f4 ff 90 8b c7 48 8b 4d 10 48
  0x00007ffcdea8acb6:   33 cc e8 93 ee 00 00 4c 8d 9c 24 20 01 00 00 49
  0x00007ffcdea8acc6:   8b 5b 28 49 8b 73 30 49 8b e3 41 5e 5f 5d c3 cc
  0x00007ffcdea8acd6:   cc cc cc cc cc cc cc cc cc cc 48 8b 41 08 48 8b
  0x00007ffcdea8ace6:   80 18 0c 00 00 c3 cc cc cc cc 48 8b 41 08 48 05
  0x00007ffcdea8acf6:   00 04 00 00 c3 cc cc cc cc cc 40 53 48 83 ec 20
=>0x00007ffcdea8ad06:   83 79 50 00 48 8b d9 75 56 48 8b 49 28 4c 8d 44
  0x00007ffcdea8ad16:   24 38 48 8d 54 24 30 c7 44 24 30 00 00 80 bf c7
  0x00007ffcdea8ad26:   44 24 38 00 00 80 bf e8 2e ce 00 00 f3 0f 10 54
  0x00007ffcdea8ad36:   24 30 0f 57 c0 0f 2f d0 76 25 f3 0f 10 4c 24 38
  0x00007ffcdea8ad46:   0f 2f c8 76 1a f3 0f 5e 15 b9 8f 02 00 f3 0f 5e
  0x00007ffcdea8ad56:   0d b1 8f 02 00 f3 0f 11 53 48 f3 0f 11 4b 4c 48
  0x00007ffcdea8ad66:   83 c4 20 5b c3 cc cc cc cc cc 48 89 5c 24 10 48
  0x00007ffcdea8ad76:   89 74 24 18 57 41 56 41 57 48 83 ec 40 48 8b d9
  0x00007ffcdea8ad86:   48 83 79 18 00 75 14 b9 28 04 00 00 e8 89 85 00
  0x00007ffcdea8ad96:   00 48 89 43 18 c7 00 28 00 00 00 48 8b 43 18 33
  0x00007ffcdea8ada6:   ff 66 89 78 0e 48 8b 4b 28 e8 5c 03 00 00 48 8b
  0x00007ffcdea8adb6:   f0 41 bf 01 00 00 00 45 8b c7 41 8b d7 48 8b c8
  0x00007ffcdea8adc6:   ff 15 f4 57 06 00 4c 8b f0 89 7c 24 30 48 8b 4b
  0x00007ffcdea8add6:   18 48 89 4c 24 28 48 89 7c 24 20 45 8b cf 45 33
  0x00007ffcdea8ade6:   c0 48 8b d0 48 8b ce ff 15 ed 56 06 00 48 8b 53
  0x00007ffcdea8adf6:   30 48 8b 0b 8b 05 24 95 06 00 83 79 04 08 0f 8e


Stack slot to memory mapping:

stack at sp + 0 slots: 0x0000024356e56920 points into unknown readable memory: 0x0000024354c73ea0 | a0 3e c7 54 43 02 00 00
stack at sp + 1 slots: 0x0 is null
stack at sp + 2 slots: 0x000002435096bfc8 is pointing into metadata
stack at sp + 3 slots: 0x0000024356e56920 points into unknown readable memory: 0x0000024354c73ea0 | a0 3e c7 54 43 02 00 00
stack at sp + 4 slots: 0x0000024356e56920 points into unknown readable memory: 0x0000024354c73ea0 | a0 3e c7 54 43 02 00 00
stack at sp + 5 slots: 0x00007ffcdea8c542 awt.dll
stack at sp + 6 slots: 0x00007ffcdeae7838 awt.dll
stack at sp + 7 slots: {method} {0x000002435022e7a0} 'initNativeScale' '(I)V' in 'sun/awt/Win32GraphicsDevice'

Lock stack of current Java thread (top to bottom):

native method entry point (kind = native)  [0x000002430745ca40, 0x000002430745d478]  2616 bytes
[MachCode]
  0x000002430745ca40: 488b 4b08 | 0fb7 492e | 584c 8d74 | ccf8 6800 | 0000 0068 | 0000 0000 | 5055 488b | ec41 5568 
  0x000002430745ca60: 0000 0000 | 4c8b 6b08 | 4d8d 6d38 | 5348 8b53 | 0848 8b52 | 0848 8b52 | 1848 8b52 | 7048 8b12 
  0x000002430745ca80: 5248 8b53 | 1048 85d2 | 0f84 0700 | 0000 4881 | c208 0100 | 0052 488b | 5308 488b | 5208 488b 
  0x000002430745caa0: 5210 5249 | 8bc6 482b | c548 c1e8 | 0350 6800 | 0000 0068 | f7ff ffff | 41c6 8771 | 0400 0001 
  0x000002430745cac0: 488b 4310 | 4885 c074 | 208b 88cc | 0000 0083 | c102 8988 | cc00 0000 | 2388 e000 | 0000 0f84 
  0x000002430745cae0: e408 0000 | e9cd 0000 | 0048 8b43 | 1848 85c0 | 0f85 b000 | 0000 e805 | 0000 00e9 | 9900 0000 
  0x000002430745cb00: 488b d348 | 8d44 2408 | 4c89 6dc0 | 498b cfc5 | f877 4989 | afb8 0300 | 0049 8987 | a803 0000 
  0x000002430745cb20: 4883 ec20 | 40f6 c40f | 0f84 1900 | 0000 4883 | ec08 48b8 | a02f a2e0 | fc7f 0000 | ffd0 4883 
  0x000002430745cb40: c408 e90c | 0000 0048 | b8a0 2fa2 | e0fc 7f00 | 00ff d048 | 83c4 2049 | c787 a803 | 0000 0000 
  0x000002430745cb60: 0000 49c7 | 87b8 0300 | 0000 0000 | 0049 c787 | b003 0000 | 0000 0000 | c5f8 7749 | 837f 0800 
  0x000002430745cb80: 0f84 0500 | 0000 e935 | 43ff ff4c | 8b6d c04c | 8b75 c84e | 8d74 f500 | c348 8b43 | 1848 85c0 
  0x000002430745cba0: 0f84 1000 | 0000 8b08 | 83c1 0289 | 0823 4814 | 0f84 1208 | 0000 493b | a7f0 0400 | 000f 8748 
  0x000002430745cbc0: 0000 0089 | 8424 00f0 | ffff 8984 | 2400 e0ff | ff89 8424 | 00d0 ffff | 8984 2400 | c0ff ff89 
  0x000002430745cbe0: 8424 00b0 | ffff 8984 | 2400 a0ff | ff89 8424 | 0090 ffff | 8984 2400 | 80ff ff49 | 3ba7 e804 
  0x000002430745cc00: 0000 7607 | 4989 a7f0 | 0400 0041 | c687 7104 | 0000 0048 | 8b5d e84c | 8b5b 0845 | 0fb7 5b2e 
  0x000002430745cc20: 41c1 e303 | 492b e348 | 83ec 2048 | 83e4 f04c | 8b5b 604d | 85db 0f85 | ab00 0000 | e805 0000 
  0x000002430745cc40: 00e9 9900 | 0000 488b | d348 8d44 | 2408 4c89 | 6dc0 498b | cfc5 f877 | 4989 afb8 | 0300 0049 
  0x000002430745cc60: 8987 a803 | 0000 4883 | ec20 40f6 | c40f 0f84 | 1900 0000 | 4883 ec08 | 48b8 e059 | a2e0 fc7f 
  0x000002430745cc80: 0000 ffd0 | 4883 c408 | e90c 0000 | 0048 b8e0 | 59a2 e0fc | 7f00 00ff | d048 83c4 | 2049 c787 
  0x000002430745cca0: a803 0000 | 0000 0000 | 49c7 87b8 | 0300 0000 | 0000 0049 | c787 b003 | 0000 0000 | 0000 c5f8 
  0x000002430745ccc0: 7749 837f | 0800 0f84 | 0500 0000 | e9ef 41ff | ff4c 8b6d | c04c 8b75 | c84e 8d74 | f500 c348 
  0x000002430745cce0: 8b5d e84c | 8b5b 6041 | ffd3 488b | 5de8 4889 | 4518 448b | 5b28 41f6 | c308 0f84 | 1b00 0000 
  0x000002430745cd00: 4c8b 5b08 | 4d8b 5b08 | 4d8b 5b18 | 4d8b 5b70 | 4d8b 1b4c | 895d 1048 | 8d55 1048 | 8b43 5849 
  0x000002430745cd20: baf0 72db | e0fc 7f00 | 0049 3bc2 | 0f85 ab00 | 0000 e805 | 0000 00e9 | 9900 0000 | 488b d348 
  0x000002430745cd40: 8d44 2408 | 4c89 6dc0 | 498b cfc5 | f877 4989 | afb8 0300 | 0049 8987 | a803 0000 | 4883 ec20 
  0x000002430745cd60: 40f6 c40f | 0f84 1900 | 0000 4883 | ec08 48b8 | e059 a2e0 | fc7f 0000 | ffd0 4883 | c408 e90c 
  0x000002430745cd80: 0000 0048 | b8e0 59a2 | e0fc 7f00 | 00ff d048 | 83c4 2049 | c787 a803 | 0000 0000 | 0000 49c7 
  0x000002430745cda0: 87b8 0300 | 0000 0000 | 0049 c787 | b003 0000 | 0000 0000 | c5f8 7749 | 837f 0800 | 0f84 0500 
  0x000002430745cdc0: 0000 e9f9 | 40ff ff4c | 8b6d c04c | 8b75 c84e | 8d74 f500 | c348 8b5d | e848 8b43 | 5849 8d8f 
  0x000002430745cde0: c803 0000 | 4c8d 15d5 | 0000 004d | 8997 b003 | 0000 c5f8 | 7749 89af | b803 0000 | 4989 a7a8 
  0x000002430745ce00: 0300 0041 | c787 5404 | 0000 0400 | 0000 493b | a748 0500 | 0076 0749 | 89a7 4805 | 0000 ffd0 
  0x000002430745ce20: 493b a748 | 0500 0072 | 0b49 c787 | 4805 0000 | 0000 0000 | c5f8 7748 | 83ec 10c5 | fb11 0424 
  0x000002430745ce40: 4883 ec10 | 4889 0424 | 48c7 4424 | 0800 0000 | 0041 c787 | 5404 0000 | 0500 0000 | f083 4424 
  0x000002430745ce60: c000 493b | 6f28 0f87 | 0e00 0000 | 4183 bf50 | 0400 0000 | 0f84 2000 | 0000 498b | cf4c 8be4 
  0x000002430745ce80: 4883 ec20 | 4883 e4f0 | 48b8 10b9 | a3e0 fc7f | 0000 ffd0 | 498b e44d | 33e4 41c7 | 8754 0400 
  0x000002430745cea0: 0008 0000 | 004d 8b97 | 7005 0000 | 4983 fa00 | 7435 49c7 | 8770 0500 | 0000 0000 | 0041 ffe2 
  0x000002430745cec0: 49ba 00bb | 4507 4302 | 0000 41ff | d248 83ec | 10c5 fb11 | 0424 4883 | ec10 4889 | 0424 48c7 
  0x000002430745cee0: 4424 0800 | 0000 0049 | c787 a803 | 0000 0000 | 0000 49c7 | 87b8 0300 | 0000 0000 | 0049 c787 
  0x000002430745cf00: b003 0000 | 0000 0000 | c5f8 774d | 8b9f 3804 | 0000 41c7 | 8300 0100 | 0000 0000 | 0049 bb3a 
  0x000002430745cf20: a445 0743 | 0200 004c | 3b5d 180f | 8555 0100 | 0048 8b04 | 2448 83c4 | 1048 85c0 | 0f84 2f01 
  0x000002430745cf40: 0000 a803 | 0f85 0800 | 0000 488b | 00e9 1f01 | 0000 a801 | 0f85 0900 | 0000 488b | 40fe e90e 
  0x000002430745cf60: 0100 0048 | 8b40 ff41 | 807f 4800 | 0f84 ff00 | 0000 4883 | f800 0f84 | f500 0000 | 4d8b 5f38 
  0x000002430745cf80: 4d85 db0f | 8414 0000 | 0049 83eb | 084d 895f | 384d 035f | 4049 8903 | e9d4 0000 | 0048 83ec 
  0x000002430745cfa0: 7048 8904 | 2448 894c | 2408 4889 | 5424 104c | 8944 2418 | 4c89 4c24 | 204c 8954 | 2428 4c89 
  0x000002430745cfc0: 5c24 30c5 | fb11 4424 | 40c5 fb11 | 4c24 48c5 | fb11 5424 | 50c5 fb11 | 5c24 58c5 | fb11 6424 
  0x000002430745cfe0: 60c5 fb11 | 6c24 6849 | 8bd7 488b | c848 83ec | 2040 f6c4 | 0f0f 8419 | 0000 0048 | 83ec 0848 
  0x000002430745d000: b850 4996 | e0fc 7f00 | 00ff d048 | 83c4 08e9 | 0c00 0000 | 48b8 5049 | 96e0 fc7f | 0000 ffd0 
  0x000002430745d020: 4883 c420 | c5fb 106c | 2468 c5fb | 1064 2460 | c5fb 105c | 2458 c5fb | 1054 2450 | c5fb 104c 
  0x000002430745d040: 2448 c5fb | 1044 2440 | 4c8b 5c24 | 304c 8b54 | 2428 4c8b | 4c24 204c | 8b44 2418 | 488b 5424 
  0x000002430745d060: 1048 8b4c | 2408 488b | 0424 4883 | c470 c5f8 | 7748 8945 | 1048 83ec | 1048 8904 | 2448 c744 
  0x000002430745d080: 2408 0000 | 0000 4183 | bfd0 0400 | 0002 0f85 | bf00 0000 | 4881 ec80 | 0000 0048 | 8944 2478 
  0x000002430745d0a0: 4889 4c24 | 7048 8954 | 2468 4889 | 5c24 6048 | 896c 2450 | 4889 7424 | 4848 897c | 2440 4c89 
  0x000002430745d0c0: 4424 384c | 894c 2430 | 4c89 5424 | 284c 895c | 2420 4c89 | 6424 184c | 896c 2410 | 4c89 7424 
  0x000002430745d0e0: 084c 893c | 244c 8be4 | 4883 ec20 | 4883 e4f0 | 48b8 8059 | dbe0 fc7f | 0000 ffd0 | 498b e44c 
  0x000002430745d100: 8b3c 244c | 8b74 2408 | 4c8b 6c24 | 104c 8b64 | 2418 4c8b | 5c24 204c | 8b54 2428 | 4c8b 4c24 
  0x000002430745d120: 304c 8b44 | 2438 488b | 7c24 4048 | 8b74 2448 | 488b 6c24 | 5048 8b5c | 2460 488b | 5424 6848 
  0x000002430745d140: 8b4c 2470 | 488b 4424 | 7848 81c4 | 8000 0000 | 4d33 e448 | 8b5d e84c | 8b6b 084d | 8d6d 3849 
  0x000002430745d160: 837f 0800 | 0f84 bb00 | 0000 e805 | 0000 00e9 | 9600 0000 | 488d 4424 | 084c 896d | c049 8bcf 
  0x000002430745d180: c5f8 7749 | 89af b803 | 0000 4989 | 87a8 0300 | 0048 83ec | 2040 f6c4 | 0f0f 8419 | 0000 0048 
  0x000002430745d1a0: 83ec 0848 | b880 78a2 | e0fc 7f00 | 00ff d048 | 83c4 08e9 | 0c00 0000 | 48b8 8078 | a2e0 fc7f 
  0x000002430745d1c0: 0000 ffd0 | 4883 c420 | 49c7 87a8 | 0300 0000 | 0000 0049 | c787 b803 | 0000 0000 | 0000 49c7 
  0x000002430745d1e0: 87b0 0300 | 0000 0000 | 00c5 f877 | 4983 7f08 | 000f 8405 | 0000 00e9 | c43c ffff | 4c8b 6dc0 
  0x000002430745d200: 4c8b 75c8 | 4e8d 74f5 | 00c3 48b9 | 08ec 01e1 | fc7f 0000 | 4883 e4f0 | 48b8 00a9 | c8e0 fc7f 
  0x000002430745d220: 0000 ffd0 | f444 8b5b | 2841 f6c3 | 200f 8472 | 0100 0048 | 8d55 a84c | 8b5a 084d | 85db 0f85 
  0x000002430745d240: bb00 0000 | e805 0000 | 00e9 9600 | 0000 488d | 4424 084c | 896d c049 | 8bcf c5f8 | 7749 89af 
  0x000002430745d260: b803 0000 | 4989 87a8 | 0300 0048 | 83ec 2040 | f6c4 0f0f | 8419 0000 | 0048 83ec | 0848 b8b0 
  0x000002430745d280: 77a2 e0fc | 7f00 00ff | d048 83c4 | 08e9 0c00 | 0000 48b8 | b077 a2e0 | fc7f 0000 | ffd0 4883 
  0x000002430745d2a0: c420 49c7 | 87a8 0300 | 0000 0000 | 0049 c787 | b803 0000 | 0000 0000 | 49c7 87b0 | 0300 0000 
  0x000002430745d2c0: 0000 00c5 | f877 4983 | 7f08 000f | 8405 0000 | 00e9 ea3b | ffff 4c8b | 6dc0 4c8b | 75c8 4e8d 
  0x000002430745d2e0: 74f5 00c3 | 48b9 08ec | 01e1 fc7f | 0000 4883 | e4f0 48b8 | 00a9 c8e0 | fc7f 0000 | ffd0 f44c 
  0x000002430745d300: 896d c04c | 8b4a 0848 | c742 0800 | 0000 0045 | 8b87 5806 | 0000 4f3b | 4c07 f80f | 8542 0000 
  0x000002430745d320: 0041 83af | 5806 0000 | 084f 3b4c | 07f0 0f84 | 2a00 0000 | 498b 01a8 | 020f 8512 | 0000 004c 
  0x000002430745d340: 8bc0 4983 | c801 f04d | 0fb1 010f | 840d 0000 | 0041 8387 | 5806 0000 | 08e9 0500 | 0000 e93e 
  0x000002430745d360: 0000 004c | 894a 0848 | 8bca 4883 | ec20 40f6 | c40f 0f84 | 1900 0000 | 4883 ec08 | 48b8 d049 
  0x000002430745d380: a2e0 fc7f | 0000 ffd0 | 4883 c408 | e90c 0000 | 0048 b8d0 | 49a2 e0fc | 7f00 00ff | d048 83c4 
  0x000002430745d3a0: 204c 8b6d | c048 8b04 | 2448 83c4 | 10c5 fb10 | 0424 4883 | c410 4c8b | 5d18 41ff | d34c 8b5d 
  0x000002430745d3c0: f8c9 5f49 | 8be3 ffe7 | ba00 0000 | 00e8 0500 | 0000 e996 | 0000 0048 | 8d44 2408 | 4c89 6dc0 
  0x000002430745d3e0: 498b cfc5 | f877 4989 | afb8 0300 | 0049 8987 | a803 0000 | 4883 ec20 | 40f6 c40f | 0f84 1900 
  0x000002430745d400: 0000 4883 | ec08 48b8 | 703e a2e0 | fc7f 0000 | ffd0 4883 | c408 e90c | 0000 0048 | b870 3ea2 
  0x000002430745d420: e0fc 7f00 | 00ff d048 | 83c4 2049 | c787 a803 | 0000 0000 | 0000 49c7 | 87b8 0300 | 0000 0000 
  0x000002430745d440: 0049 c787 | b003 0000 | 0000 0000 | c5f8 7749 | 837f 0800 | 0f84 0500 | 0000 e961 | 3aff ff4c 
  0x000002430745d460: 8b6d c04c | 8b75 c84e | 8d74 f500 | c348 8b5d | e8e9 40f7 | ffff 6690 
[/MachCode]

---------------  P R O C E S S  ---------------

Threads class SMR info:
_java_thread_list=0x0000024356f5d2c0, length=15, elements={
0x000002437f0dae50, 0x000002437f0db590, 0x000002437f0de3c0, 0x000002437f0deef0,
0x000002437f0e07d0, 0x000002437f0e4a30, 0x000002437f0f5210, 0x000002437f0f9400,
0x00000243540616c0, 0x00000243540a15b0, 0x00000243545c0040, 0x00000243545c2790,
0x00000243545c6ee0, 0x000002435487dde0, 0x000002436bc7e400
}

Java Threads: ( => current thread )
  0x000002437f0dae50 JavaThread "Reference Handler"          daemon [_thread_blocked, id=23668, stack(0x000000d6d8700000,0x000000d6d8800000) (1024K)]
  0x000002437f0db590 JavaThread "Finalizer"                  daemon [_thread_blocked, id=23948, stack(0x000000d6d8800000,0x000000d6d8900000) (1024K)]
  0x000002437f0de3c0 JavaThread "Signal Dispatcher"          daemon [_thread_blocked, id=13348, stack(0x000000d6d8900000,0x000000d6d8a00000) (1024K)]
  0x000002437f0deef0 JavaThread "Attach Listener"            daemon [_thread_blocked, id=23228, stack(0x000000d6d8a00000,0x000000d6d8b00000) (1024K)]
  0x000002437f0e07d0 JavaThread "Service Thread"             daemon [_thread_blocked, id=10680, stack(0x000000d6d8b00000,0x000000d6d8c00000) (1024K)]
  0x000002437f0e4a30 JavaThread "Monitor Deflation Thread"   daemon [_thread_blocked, id=16428, stack(0x000000d6d8c00000,0x000000d6d8d00000) (1024K)]
  0x000002437f0f5210 JavaThread "C2 CompilerThread0"         daemon [_thread_blocked, id=4296, stack(0x000000d6d8d00000,0x000000d6d8e00000) (1024K)]
  0x000002437f0f9400 JavaThread "C1 CompilerThread0"         daemon [_thread_blocked, id=18648, stack(0x000000d6d8e00000,0x000000d6d8f00000) (1024K)]
  0x00000243540616c0 JavaThread "Notification Thread"        daemon [_thread_blocked, id=9360, stack(0x000000d6d8f00000,0x000000d6d9000000) (1024K)]
  0x00000243540a15b0 JavaThread "Common-Cleaner"             daemon [_thread_blocked, id=19392, stack(0x000000d6d9000000,0x000000d6d9100000) (1024K)]
  0x00000243545c0040 JavaThread "Java2D Disposer"            daemon [_thread_blocked, id=20296, stack(0x000000d6d9200000,0x000000d6d9300000) (1024K)]
  0x00000243545c2790 JavaThread "AWT-Shutdown"                      [_thread_blocked, id=22856, stack(0x000000d6d9300000,0x000000d6d9400000) (1024K)]
  0x00000243545c6ee0 JavaThread "AWT-Windows"                daemon [_thread_in_native, id=11968, stack(0x000000d6d9400000,0x000000d6d9500000) (1024K)]
=>0x000002435487dde0 JavaThread "AWT-EventQueue-0"                  [_thread_in_native, id=14684, stack(0x000000d6d9500000,0x000000d6d9600000) (1024K)]
  0x000002436bc7e400 JavaThread "DestroyJavaVM"                     [_thread_blocked, id=15000, stack(0x000000d6d7f00000,0x000000d6d8000000) (1024K)]
Total: 15

Other Threads:
  0x000002437f0c95a0 VMThread "VM Thread"                           [id=15252, stack(0x000000d6d8600000,0x000000d6d8700000) (1024K)]
  0x000002437f0bbea0 WatcherThread "VM Periodic Task Thread"        [id=1896, stack(0x000000d6d8500000,0x000000d6d8600000) (1024K)]
  0x000002436e201770 WorkerThread "GC Thread#0"                     [id=11428, stack(0x000000d6d8000000,0x000000d6d8100000) (1024K)]
  0x000002436e216e30 ConcurrentGCThread "G1 Main Marker"            [id=15472, stack(0x000000d6d8100000,0x000000d6d8200000) (1024K)]
  0x000002436e218950 WorkerThread "G1 Conc#0"                       [id=16316, stack(0x000000d6d8200000,0x000000d6d8300000) (1024K)]
  0x000002437ef6c890 ConcurrentGCThread "G1 Refine#0"               [id=19072, stack(0x000000d6d8300000,0x000000d6d8400000) (1024K)]
  0x000002437ef6d320 ConcurrentGCThread "G1 Service"                [id=13548, stack(0x000000d6d8400000,0x000000d6d8500000) (1024K)]
Total: 7

Threads with active compile tasks:
Total: 0

VM state: not at safepoint (normal execution)

VM Mutex/Monitor currently owned by a thread: None

Heap address: 0x0000000704800000, size: 4024 MB, Compressed Oops mode: Zero based, Oop shift amount: 3

CDS archive(s) mapped at: [0x000002430f000000-0x000002430fd40000-0x000002430fd40000), size 13893632, SharedBaseAddress: 0x000002430f000000, ArchiveRelocationMode: 1.
Compressed class space mapped at: 0x0000024310000000-0x0000024350000000, reserved size: 1073741824
UseCompressedClassPointers 1, UseCompactObjectHeaders 0
Narrow klass pointer bits 32, Max shift 3
Narrow klass base: 0x000002430f000000, Narrow klass shift: 0
Encoding Range: [0x000002430f000000 - 0x000002440f000000), (4294967296 bytes)
Klass Range:    [0x000002430f000000 - 0x0000024350000000), (1090519040 bytes)
Klass ID Range:  [8 - 1090519033) (1090519025)

GC Precious Log:
 CardTable entry size: 512
 Card Set container configuration: InlinePtr #cards 4 size 8 Array Of Cards #cards 16 size 48 Howl #buckets 8 coarsen threshold 3686 Howl Bitmap #cards 512 size 80 coarsen threshold 460 Card regions per heap region 1 cards per card region 4096
 CPUs: 16 total, 16 available
 Memory: 16092M
 Large Page Support: Disabled
 NUMA Support: Disabled
 Compressed Oops: Enabled (Zero based)
 Heap Region Size: 2M
 Heap Min Capacity: 8M
 Heap Initial Capacity: 252M
 Heap Max Capacity: 4024M
 Pre-touch: Disabled
 Parallel Workers: 13
 Concurrent Workers: 3
 Concurrent Refinement Workers: 13
 Periodic GC: Disabled

Heap:
 garbage-first heap   total reserved 4120576K, committed 260096K, used 29812K [0x0000000704800000, 0x0000000800000000)
  region size 2048K, 13 young (26624K), 0 survivors (0K)
 Metaspace       used 9423K, committed 9920K, reserved 1114112K
  class space    used 905K, committed 1088K, reserved 1048576K

Heap Regions: E=young(eden), S=young(survivor), O=old, HS=humongous(starts), HC=humongous(continues), CS=collection set, F=free, TAMS=top-at-mark-start, PB=parsable bottom
|   0|0x0000000704800000, 0x0000000704a00000, 0x0000000704a00000|100%|HS|  |TAMS 0x0000000704800000| PB 0x0000000704800000| Complete |  0
|   1|0x0000000704a00000, 0x0000000704c00000, 0x0000000704c00000|100%|HC|  |TAMS 0x0000000704a00000| PB 0x0000000704a00000| Complete |  0
|   2|0x0000000704c00000, 0x0000000704c00000, 0x0000000704e00000|  0%| F|  |TAMS 0x0000000704c00000| PB 0x0000000704c00000| Untracked |  0
|   3|0x0000000704e00000, 0x0000000704e00000, 0x0000000705000000|  0%| F|  |TAMS 0x0000000704e00000| PB 0x0000000704e00000| Untracked |  0
|   4|0x0000000705000000, 0x0000000705000000, 0x0000000705200000|  0%| F|  |TAMS 0x0000000705000000| PB 0x0000000705000000| Untracked |  0
|   5|0x0000000705200000, 0x0000000705200000, 0x0000000705400000|  0%| F|  |TAMS 0x0000000705200000| PB 0x0000000705200000| Untracked |  0
|   6|0x0000000705400000, 0x0000000705400000, 0x0000000705600000|  0%| F|  |TAMS 0x0000000705400000| PB 0x0000000705400000| Untracked |  0
|   7|0x0000000705600000, 0x0000000705600000, 0x0000000705800000|  0%| F|  |TAMS 0x0000000705600000| PB 0x0000000705600000| Untracked |  0
|   8|0x0000000705800000, 0x0000000705800000, 0x0000000705a00000|  0%| F|  |TAMS 0x0000000705800000| PB 0x0000000705800000| Untracked |  0
|   9|0x0000000705a00000, 0x0000000705a00000, 0x0000000705c00000|  0%| F|  |TAMS 0x0000000705a00000| PB 0x0000000705a00000| Untracked |  0
|  10|0x0000000705c00000, 0x0000000705c00000, 0x0000000705e00000|  0%| F|  |TAMS 0x0000000705c00000| PB 0x0000000705c00000| Untracked |  0
|  11|0x0000000705e00000, 0x0000000705e00000, 0x0000000706000000|  0%| F|  |TAMS 0x0000000705e00000| PB 0x0000000705e00000| Untracked |  0
|  12|0x0000000706000000, 0x0000000706000000, 0x0000000706200000|  0%| F|  |TAMS 0x0000000706000000| PB 0x0000000706000000| Untracked |  0
|  13|0x0000000706200000, 0x0000000706200000, 0x0000000706400000|  0%| F|  |TAMS 0x0000000706200000| PB 0x0000000706200000| Untracked |  0
|  14|0x0000000706400000, 0x0000000706400000, 0x0000000706600000|  0%| F|  |TAMS 0x0000000706400000| PB 0x0000000706400000| Untracked |  0
|  15|0x0000000706600000, 0x0000000706600000, 0x0000000706800000|  0%| F|  |TAMS 0x0000000706600000| PB 0x0000000706600000| Untracked |  0
|  16|0x0000000706800000, 0x0000000706800000, 0x0000000706a00000|  0%| F|  |TAMS 0x0000000706800000| PB 0x0000000706800000| Untracked |  0
|  17|0x0000000706a00000, 0x0000000706a00000, 0x0000000706c00000|  0%| F|  |TAMS 0x0000000706a00000| PB 0x0000000706a00000| Untracked |  0
|  18|0x0000000706c00000, 0x0000000706c00000, 0x0000000706e00000|  0%| F|  |TAMS 0x0000000706c00000| PB 0x0000000706c00000| Untracked |  0
|  19|0x0000000706e00000, 0x0000000706e00000, 0x0000000707000000|  0%| F|  |TAMS 0x0000000706e00000| PB 0x0000000706e00000| Untracked |  0
|  20|0x0000000707000000, 0x0000000707000000, 0x0000000707200000|  0%| F|  |TAMS 0x0000000707000000| PB 0x0000000707000000| Untracked |  0
|  21|0x0000000707200000, 0x0000000707200000, 0x0000000707400000|  0%| F|  |TAMS 0x0000000707200000| PB 0x0000000707200000| Untracked |  0
|  22|0x0000000707400000, 0x0000000707400000, 0x0000000707600000|  0%| F|  |TAMS 0x0000000707400000| PB 0x0000000707400000| Untracked |  0
|  23|0x0000000707600000, 0x0000000707600000, 0x0000000707800000|  0%| F|  |TAMS 0x0000000707600000| PB 0x0000000707600000| Untracked |  0
|  24|0x0000000707800000, 0x0000000707800000, 0x0000000707a00000|  0%| F|  |TAMS 0x0000000707800000| PB 0x0000000707800000| Untracked |  0
|  25|0x0000000707a00000, 0x0000000707a00000, 0x0000000707c00000|  0%| F|  |TAMS 0x0000000707a00000| PB 0x0000000707a00000| Untracked |  0
|  26|0x0000000707c00000, 0x0000000707c00000, 0x0000000707e00000|  0%| F|  |TAMS 0x0000000707c00000| PB 0x0000000707c00000| Untracked |  0
|  27|0x0000000707e00000, 0x0000000707e00000, 0x0000000708000000|  0%| F|  |TAMS 0x0000000707e00000| PB 0x0000000707e00000| Untracked |  0
|  28|0x0000000708000000, 0x0000000708000000, 0x0000000708200000|  0%| F|  |TAMS 0x0000000708000000| PB 0x0000000708000000| Untracked |  0
|  29|0x0000000708200000, 0x0000000708200000, 0x0000000708400000|  0%| F|  |TAMS 0x0000000708200000| PB 0x0000000708200000| Untracked |  0
|  30|0x0000000708400000, 0x0000000708400000, 0x0000000708600000|  0%| F|  |TAMS 0x0000000708400000| PB 0x0000000708400000| Untracked |  0
|  31|0x0000000708600000, 0x0000000708600000, 0x0000000708800000|  0%| F|  |TAMS 0x0000000708600000| PB 0x0000000708600000| Untracked |  0
|  32|0x0000000708800000, 0x0000000708800000, 0x0000000708a00000|  0%| F|  |TAMS 0x0000000708800000| PB 0x0000000708800000| Untracked |  0
|  33|0x0000000708a00000, 0x0000000708a00000, 0x0000000708c00000|  0%| F|  |TAMS 0x0000000708a00000| PB 0x0000000708a00000| Untracked |  0
|  34|0x0000000708c00000, 0x0000000708c00000, 0x0000000708e00000|  0%| F|  |TAMS 0x0000000708c00000| PB 0x0000000708c00000| Untracked |  0
|  35|0x0000000708e00000, 0x0000000708e00000, 0x0000000709000000|  0%| F|  |TAMS 0x0000000708e00000| PB 0x0000000708e00000| Untracked |  0
|  36|0x0000000709000000, 0x0000000709000000, 0x0000000709200000|  0%| F|  |TAMS 0x0000000709000000| PB 0x0000000709000000| Untracked |  0
|  37|0x0000000709200000, 0x0000000709200000, 0x0000000709400000|  0%| F|  |TAMS 0x0000000709200000| PB 0x0000000709200000| Untracked |  0
|  38|0x0000000709400000, 0x0000000709400000, 0x0000000709600000|  0%| F|  |TAMS 0x0000000709400000| PB 0x0000000709400000| Untracked |  0
|  39|0x0000000709600000, 0x0000000709600000, 0x0000000709800000|  0%| F|  |TAMS 0x0000000709600000| PB 0x0000000709600000| Untracked |  0
|  40|0x0000000709800000, 0x0000000709800000, 0x0000000709a00000|  0%| F|  |TAMS 0x0000000709800000| PB 0x0000000709800000| Untracked |  0
|  41|0x0000000709a00000, 0x0000000709a00000, 0x0000000709c00000|  0%| F|  |TAMS 0x0000000709a00000| PB 0x0000000709a00000| Untracked |  0
|  42|0x0000000709c00000, 0x0000000709c00000, 0x0000000709e00000|  0%| F|  |TAMS 0x0000000709c00000| PB 0x0000000709c00000| Untracked |  0
|  43|0x0000000709e00000, 0x0000000709e00000, 0x000000070a000000|  0%| F|  |TAMS 0x0000000709e00000| PB 0x0000000709e00000| Untracked |  0
|  44|0x000000070a000000, 0x000000070a000000, 0x000000070a200000|  0%| F|  |TAMS 0x000000070a000000| PB 0x000000070a000000| Untracked |  0
|  45|0x000000070a200000, 0x000000070a200000, 0x000000070a400000|  0%| F|  |TAMS 0x000000070a200000| PB 0x000000070a200000| Untracked |  0
|  46|0x000000070a400000, 0x000000070a400000, 0x000000070a600000|  0%| F|  |TAMS 0x000000070a400000| PB 0x000000070a400000| Untracked |  0
|  47|0x000000070a600000, 0x000000070a600000, 0x000000070a800000|  0%| F|  |TAMS 0x000000070a600000| PB 0x000000070a600000| Untracked |  0
|  48|0x000000070a800000, 0x000000070a800000, 0x000000070aa00000|  0%| F|  |TAMS 0x000000070a800000| PB 0x000000070a800000| Untracked |  0
|  49|0x000000070aa00000, 0x000000070aa00000, 0x000000070ac00000|  0%| F|  |TAMS 0x000000070aa00000| PB 0x000000070aa00000| Untracked |  0
|  50|0x000000070ac00000, 0x000000070ac00000, 0x000000070ae00000|  0%| F|  |TAMS 0x000000070ac00000| PB 0x000000070ac00000| Untracked |  0
|  51|0x000000070ae00000, 0x000000070ae00000, 0x000000070b000000|  0%| F|  |TAMS 0x000000070ae00000| PB 0x000000070ae00000| Untracked |  0
|  52|0x000000070b000000, 0x000000070b000000, 0x000000070b200000|  0%| F|  |TAMS 0x000000070b000000| PB 0x000000070b000000| Untracked |  0
|  53|0x000000070b200000, 0x000000070b200000, 0x000000070b400000|  0%| F|  |TAMS 0x000000070b200000| PB 0x000000070b200000| Untracked |  0
|  54|0x000000070b400000, 0x000000070b400000, 0x000000070b600000|  0%| F|  |TAMS 0x000000070b400000| PB 0x000000070b400000| Untracked |  0
|  55|0x000000070b600000, 0x000000070b600000, 0x000000070b800000|  0%| F|  |TAMS 0x000000070b600000| PB 0x000000070b600000| Untracked |  0
|  56|0x000000070b800000, 0x000000070b800000, 0x000000070ba00000|  0%| F|  |TAMS 0x000000070b800000| PB 0x000000070b800000| Untracked |  0
|  57|0x000000070ba00000, 0x000000070ba00000, 0x000000070bc00000|  0%| F|  |TAMS 0x000000070ba00000| PB 0x000000070ba00000| Untracked |  0
|  58|0x000000070bc00000, 0x000000070bc00000, 0x000000070be00000|  0%| F|  |TAMS 0x000000070bc00000| PB 0x000000070bc00000| Untracked |  0
|  59|0x000000070be00000, 0x000000070be00000, 0x000000070c000000|  0%| F|  |TAMS 0x000000070be00000| PB 0x000000070be00000| Untracked |  0
|  60|0x000000070c000000, 0x000000070c000000, 0x000000070c200000|  0%| F|  |TAMS 0x000000070c000000| PB 0x000000070c000000| Untracked |  0
|  61|0x000000070c200000, 0x000000070c200000, 0x000000070c400000|  0%| F|  |TAMS 0x000000070c200000| PB 0x000000070c200000| Untracked |  0
|  62|0x000000070c400000, 0x000000070c400000, 0x000000070c600000|  0%| F|  |TAMS 0x000000070c400000| PB 0x000000070c400000| Untracked |  0
|  63|0x000000070c600000, 0x000000070c600000, 0x000000070c800000|  0%| F|  |TAMS 0x000000070c600000| PB 0x000000070c600000| Untracked |  0
|  64|0x000000070c800000, 0x000000070c800000, 0x000000070ca00000|  0%| F|  |TAMS 0x000000070c800000| PB 0x000000070c800000| Untracked |  0
|  65|0x000000070ca00000, 0x000000070ca00000, 0x000000070cc00000|  0%| F|  |TAMS 0x000000070ca00000| PB 0x000000070ca00000| Untracked |  0
|  66|0x000000070cc00000, 0x000000070cc00000, 0x000000070ce00000|  0%| F|  |TAMS 0x000000070cc00000| PB 0x000000070cc00000| Untracked |  0
|  67|0x000000070ce00000, 0x000000070ce00000, 0x000000070d000000|  0%| F|  |TAMS 0x000000070ce00000| PB 0x000000070ce00000| Untracked |  0
|  68|0x000000070d000000, 0x000000070d000000, 0x000000070d200000|  0%| F|  |TAMS 0x000000070d000000| PB 0x000000070d000000| Untracked |  0
|  69|0x000000070d200000, 0x000000070d200000, 0x000000070d400000|  0%| F|  |TAMS 0x000000070d200000| PB 0x000000070d200000| Untracked |  0
|  70|0x000000070d400000, 0x000000070d400000, 0x000000070d600000|  0%| F|  |TAMS 0x000000070d400000| PB 0x000000070d400000| Untracked |  0
|  71|0x000000070d600000, 0x000000070d600000, 0x000000070d800000|  0%| F|  |TAMS 0x000000070d600000| PB 0x000000070d600000| Untracked |  0
|  72|0x000000070d800000, 0x000000070d800000, 0x000000070da00000|  0%| F|  |TAMS 0x000000070d800000| PB 0x000000070d800000| Untracked |  0
|  73|0x000000070da00000, 0x000000070da00000, 0x000000070dc00000|  0%| F|  |TAMS 0x000000070da00000| PB 0x000000070da00000| Untracked |  0
|  74|0x000000070dc00000, 0x000000070dc00000, 0x000000070de00000|  0%| F|  |TAMS 0x000000070dc00000| PB 0x000000070dc00000| Untracked |  0
|  75|0x000000070de00000, 0x000000070de00000, 0x000000070e000000|  0%| F|  |TAMS 0x000000070de00000| PB 0x000000070de00000| Untracked |  0
|  76|0x000000070e000000, 0x000000070e000000, 0x000000070e200000|  0%| F|  |TAMS 0x000000070e000000| PB 0x000000070e000000| Untracked |  0
|  77|0x000000070e200000, 0x000000070e200000, 0x000000070e400000|  0%| F|  |TAMS 0x000000070e200000| PB 0x000000070e200000| Untracked |  0
|  78|0x000000070e400000, 0x000000070e400000, 0x000000070e600000|  0%| F|  |TAMS 0x000000070e400000| PB 0x000000070e400000| Untracked |  0
|  79|0x000000070e600000, 0x000000070e600000, 0x000000070e800000|  0%| F|  |TAMS 0x000000070e600000| PB 0x000000070e600000| Untracked |  0
|  80|0x000000070e800000, 0x000000070e800000, 0x000000070ea00000|  0%| F|  |TAMS 0x000000070e800000| PB 0x000000070e800000| Untracked |  0
|  81|0x000000070ea00000, 0x000000070ea00000, 0x000000070ec00000|  0%| F|  |TAMS 0x000000070ea00000| PB 0x000000070ea00000| Untracked |  0
|  82|0x000000070ec00000, 0x000000070ec00000, 0x000000070ee00000|  0%| F|  |TAMS 0x000000070ec00000| PB 0x000000070ec00000| Untracked |  0
|  83|0x000000070ee00000, 0x000000070ee00000, 0x000000070f000000|  0%| F|  |TAMS 0x000000070ee00000| PB 0x000000070ee00000| Untracked |  0
|  84|0x000000070f000000, 0x000000070f000000, 0x000000070f200000|  0%| F|  |TAMS 0x000000070f000000| PB 0x000000070f000000| Untracked |  0
|  85|0x000000070f200000, 0x000000070f200000, 0x000000070f400000|  0%| F|  |TAMS 0x000000070f200000| PB 0x000000070f200000| Untracked |  0
|  86|0x000000070f400000, 0x000000070f400000, 0x000000070f600000|  0%| F|  |TAMS 0x000000070f400000| PB 0x000000070f400000| Untracked |  0
|  87|0x000000070f600000, 0x000000070f600000, 0x000000070f800000|  0%| F|  |TAMS 0x000000070f600000| PB 0x000000070f600000| Untracked |  0
|  88|0x000000070f800000, 0x000000070f800000, 0x000000070fa00000|  0%| F|  |TAMS 0x000000070f800000| PB 0x000000070f800000| Untracked |  0
|  89|0x000000070fa00000, 0x000000070fa00000, 0x000000070fc00000|  0%| F|  |TAMS 0x000000070fa00000| PB 0x000000070fa00000| Untracked |  0
|  90|0x000000070fc00000, 0x000000070fc00000, 0x000000070fe00000|  0%| F|  |TAMS 0x000000070fc00000| PB 0x000000070fc00000| Untracked |  0
|  91|0x000000070fe00000, 0x000000070fe00000, 0x0000000710000000|  0%| F|  |TAMS 0x000000070fe00000| PB 0x000000070fe00000| Untracked |  0
|  92|0x0000000710000000, 0x0000000710000000, 0x0000000710200000|  0%| F|  |TAMS 0x0000000710000000| PB 0x0000000710000000| Untracked |  0
|  93|0x0000000710200000, 0x0000000710200000, 0x0000000710400000|  0%| F|  |TAMS 0x0000000710200000| PB 0x0000000710200000| Untracked |  0
|  94|0x0000000710400000, 0x0000000710400000, 0x0000000710600000|  0%| F|  |TAMS 0x0000000710400000| PB 0x0000000710400000| Untracked |  0
|  95|0x0000000710600000, 0x0000000710600000, 0x0000000710800000|  0%| F|  |TAMS 0x0000000710600000| PB 0x0000000710600000| Untracked |  0
|  96|0x0000000710800000, 0x0000000710800000, 0x0000000710a00000|  0%| F|  |TAMS 0x0000000710800000| PB 0x0000000710800000| Untracked |  0
|  97|0x0000000710a00000, 0x0000000710a00000, 0x0000000710c00000|  0%| F|  |TAMS 0x0000000710a00000| PB 0x0000000710a00000| Untracked |  0
|  98|0x0000000710c00000, 0x0000000710c00000, 0x0000000710e00000|  0%| F|  |TAMS 0x0000000710c00000| PB 0x0000000710c00000| Untracked |  0
|  99|0x0000000710e00000, 0x0000000710e00000, 0x0000000711000000|  0%| F|  |TAMS 0x0000000710e00000| PB 0x0000000710e00000| Untracked |  0
| 100|0x0000000711000000, 0x0000000711000000, 0x0000000711200000|  0%| F|  |TAMS 0x0000000711000000| PB 0x0000000711000000| Untracked |  0
| 101|0x0000000711200000, 0x0000000711200000, 0x0000000711400000|  0%| F|  |TAMS 0x0000000711200000| PB 0x0000000711200000| Untracked |  0
| 102|0x0000000711400000, 0x0000000711400000, 0x0000000711600000|  0%| F|  |TAMS 0x0000000711400000| PB 0x0000000711400000| Untracked |  0
| 103|0x0000000711600000, 0x0000000711600000, 0x0000000711800000|  0%| F|  |TAMS 0x0000000711600000| PB 0x0000000711600000| Untracked |  0
| 104|0x0000000711800000, 0x0000000711800000, 0x0000000711a00000|  0%| F|  |TAMS 0x0000000711800000| PB 0x0000000711800000| Untracked |  0
| 105|0x0000000711a00000, 0x0000000711a00000, 0x0000000711c00000|  0%| F|  |TAMS 0x0000000711a00000| PB 0x0000000711a00000| Untracked |  0
| 106|0x0000000711c00000, 0x0000000711c00000, 0x0000000711e00000|  0%| F|  |TAMS 0x0000000711c00000| PB 0x0000000711c00000| Untracked |  0
| 107|0x0000000711e00000, 0x0000000711e00000, 0x0000000712000000|  0%| F|  |TAMS 0x0000000711e00000| PB 0x0000000711e00000| Untracked |  0
| 108|0x0000000712000000, 0x0000000712000000, 0x0000000712200000|  0%| F|  |TAMS 0x0000000712000000| PB 0x0000000712000000| Untracked |  0
| 109|0x0000000712200000, 0x0000000712200000, 0x0000000712400000|  0%| F|  |TAMS 0x0000000712200000| PB 0x0000000712200000| Untracked |  0
| 110|0x0000000712400000, 0x0000000712400000, 0x0000000712600000|  0%| F|  |TAMS 0x0000000712400000| PB 0x0000000712400000| Untracked |  0
| 111|0x0000000712600000, 0x0000000712600000, 0x0000000712800000|  0%| F|  |TAMS 0x0000000712600000| PB 0x0000000712600000| Untracked |  0
| 112|0x0000000712800000, 0x0000000712800000, 0x0000000712a00000|  0%| F|  |TAMS 0x0000000712800000| PB 0x0000000712800000| Untracked |  0
| 113|0x0000000712a00000, 0x0000000712beb888, 0x0000000712c00000| 96%| E|  |TAMS 0x0000000712a00000| PB 0x0000000712a00000| Complete |  0
| 114|0x0000000712c00000, 0x0000000712e00000, 0x0000000712e00000|100%| E|CS|TAMS 0x0000000712c00000| PB 0x0000000712c00000| Complete |  0
| 115|0x0000000712e00000, 0x0000000713000000, 0x0000000713000000|100%| E|CS|TAMS 0x0000000712e00000| PB 0x0000000712e00000| Complete |  0
| 116|0x0000000713000000, 0x0000000713200000, 0x0000000713200000|100%| E|CS|TAMS 0x0000000713000000| PB 0x0000000713000000| Complete |  0
| 117|0x0000000713200000, 0x0000000713400000, 0x0000000713400000|100%| E|CS|TAMS 0x0000000713200000| PB 0x0000000713200000| Complete |  0
| 118|0x0000000713400000, 0x0000000713600000, 0x0000000713600000|100%| E|CS|TAMS 0x0000000713400000| PB 0x0000000713400000| Complete |  0
| 119|0x0000000713600000, 0x0000000713800000, 0x0000000713800000|100%| E|CS|TAMS 0x0000000713600000| PB 0x0000000713600000| Complete |  0
| 120|0x0000000713800000, 0x0000000713a00000, 0x0000000713a00000|100%| E|CS|TAMS 0x0000000713800000| PB 0x0000000713800000| Complete |  0
| 121|0x0000000713a00000, 0x0000000713c00000, 0x0000000713c00000|100%| E|CS|TAMS 0x0000000713a00000| PB 0x0000000713a00000| Complete |  0
| 122|0x0000000713c00000, 0x0000000713e00000, 0x0000000713e00000|100%| E|CS|TAMS 0x0000000713c00000| PB 0x0000000713c00000| Complete |  0
| 123|0x0000000713e00000, 0x0000000714000000, 0x0000000714000000|100%| E|CS|TAMS 0x0000000713e00000| PB 0x0000000713e00000| Complete |  0
| 124|0x0000000714000000, 0x0000000714200000, 0x0000000714200000|100%| E|CS|TAMS 0x0000000714000000| PB 0x0000000714000000| Complete |  0
| 125|0x0000000714200000, 0x0000000714400000, 0x0000000714400000|100%| E|CS|TAMS 0x0000000714200000| PB 0x0000000714200000| Complete |  0
|2011|0x00000007ffe00000, 0x00000007fff1d248, 0x0000000800000000| 55%| O|  |TAMS 0x00000007ffe00000| PB 0x00000007ffe00000| Untracked |  0

Card table byte_map: [0x0000024377990000,0x0000024378170000] _byte_map_base: 0x000002437416c000

Marking Bits: (CMBitMap*) 0x000002436e201e80
 Bits: [0x0000024378170000, 0x000002437c050000)

Polling page: 0x000002436bf50000

Metaspace:

Usage:
  Non-class:      8.32 MB used.
      Class:    905.42 KB used.
       Both:      9.20 MB used.

Virtual space:
  Non-class space:       64.00 MB reserved,       8.62 MB ( 13%) committed,  1 nodes.
      Class space:        1.00 GB reserved,       1.06 MB ( <1%) committed,  1 nodes.
             Both:        1.06 GB reserved,       9.69 MB ( <1%) committed. 

Chunk freelists:
   Non-Class:  6.87 MB
       Class:  14.75 MB
        Both:  21.62 MB

MaxMetaspaceSize: unlimited
CompressedClassSpaceSize: 1.00 GB
Initial GC threshold: 21.00 MB
Current GC threshold: 21.00 MB
CDS: on
 - commit_granule_bytes: 65536.
 - commit_granule_words: 8192.
 - virtual_space_node_default_size: 8388608.
 - enlarge_chunks_in_place: 1.
UseCompressedClassPointers 1, UseCompactObjectHeaders 0
Narrow klass pointer bits 32, Max shift 3
Narrow klass base: 0x000002430f000000, Narrow klass shift: 0
Encoding Range: [0x000002430f000000 - 0x000002440f000000), (4294967296 bytes)
Klass Range:    [0x000002430f000000 - 0x0000024350000000), (1090519040 bytes)
Klass ID Range:  [8 - 1090519033) (1090519025)


Internal statistics:

num_allocs_failed_limit: 0.
num_arena_births: 578.
num_arena_deaths: 0.
num_vsnodes_births: 2.
num_vsnodes_deaths: 0.
num_space_committed: 155.
num_space_uncommitted: 0.
num_chunks_returned_to_freelist: 0.
num_chunks_taken_from_freelist: 680.
num_chunk_merges: 0.
num_chunk_splits: 447.
num_chunks_enlarged: 231.
num_inconsistent_stats: 0.

CodeHeap 'non-profiled nmethods': size=119232Kb used=525Kb max_used=525Kb free=118706Kb
 bounds [0x0000024307b90000, 0x0000024307e00000, 0x000002430f000000]
CodeHeap 'profiled nmethods': size=119104Kb used=2470Kb max_used=2470Kb free=116633Kb
 bounds [0x0000024300000000, 0x0000024300270000, 0x0000024307450000]
CodeHeap 'non-nmethods': size=7424Kb used=1534Kb max_used=3310Kb free=5889Kb
 bounds [0x0000024307450000, 0x00000243077a0000, 0x0000024307b90000]
CodeCache: size=245760Kb, used=4529Kb, max_used=6305Kb, free=241228Kb
 total_blobs=2478, nmethods=1772, adapters=600, full_count=0
Compilation: enabled, stopped_count=0, restarted_count=0

Compilation events (20 events):
Event: 6.877 Thread 0x000002437f0f7d50 1762  s    3       java.awt.KeyboardFocusManager::getCurrentKeyboardFocusManager (32 bytes)
Event: 6.877 Thread 0x000002437f0f9400 1763       3       java.awt.KeyboardFocusManager::getCurrentKeyboardFocusManager (7 bytes)
Event: 6.878 Thread 0x000002437f0f7d50 nmethod 1762 0x0000024300266008 code [0x0000024300266160, 0x00000243002666d8]
Event: 6.878 Thread 0x000002437f0f9400 nmethod 1763 0x0000024300266708 code [0x0000024300266880, 0x0000024300266eb8]
Event: 6.939 Thread 0x000002437f0f9400 1764       3       java.awt.EventQueue::getNextEventPrivate (76 bytes)
Event: 6.940 Thread 0x000002437f0f9400 nmethod 1764 0x0000024300266f08 code [0x0000024300267040, 0x0000024300267398]
Event: 24.074 Thread 0x000002437f0f9400 1765       1       java.beans.PropertyChangeEvent::getNewValue (5 bytes)
Event: 24.074 Thread 0x000002437f0f9400 nmethod 1765 0x0000024307c12008 code [0x0000024307c12100, 0x0000024307c121c8]
Event: 24.082 Thread 0x000002437f0f9400 1766       3       java.awt.AWTEvent::<init> (73 bytes)
Event: 24.082 Thread 0x000002437f0f9400 nmethod 1766 0x0000024300267408 code [0x0000024300267540, 0x0000024300267928]
Event: 24.082 Thread 0x000002437f0f9400 1767       1       java.beans.PropertyChangeEvent::getOldValue (5 bytes)
Event: 24.083 Thread 0x000002437f0f9400 nmethod 1767 0x0000024307c12308 code [0x0000024307c12400, 0x0000024307c124c8]
Event: 59.948 Thread 0x000002437f0f9400 1768       3       java.beans.PropertyChangeSupport::firePropertyChange (35 bytes)
Event: 59.948 Thread 0x000002437f0f5210 1770       4       jdk.internal.logger.SurrogateLogger::defaultPlatformLevel (4 bytes)
Event: 59.949 Thread 0x000002437f0f9400 nmethod 1768 0x0000024300267988 code [0x0000024300267b00, 0x0000024300268288]
Event: 59.949 Thread 0x000002437f0f5210 nmethod 1770 0x0000024307c12608 code [0x0000024307c12700, 0x0000024307c12780]
Event: 59.949 Thread 0x000002437f0f9400 1769   !   3       java.awt.Toolkit::setDesktopProperty (81 bytes)
Event: 59.949 Thread 0x000002437f0f9400 nmethod 1769 0x0000024300268308 code [0x00000243002684a0, 0x0000024300268db0]
Event: 59.963 Thread 0x000002437f0f9400 1771       3       jdk.internal.classfile.impl.SplitConstantPool::tryFindClassEntry (107 bytes)
Event: 59.963 Thread 0x000002437f0f9400 nmethod 1771 0x0000024300268e08 code [0x0000024300268fe0, 0x0000024300269af8]

GC Heap History (0 events):
No events

Dll operation events (10 events):
Event: 0.009 Loaded shared library C:\Program Files\Java\jdk-24\bin\java.dll
Event: 0.036 Loaded shared library C:\Program Files\Java\jdk-24\bin\jsvml.dll
Event: 0.053 Loaded shared library C:\Program Files\Java\jdk-24\bin\jimage.dll
Event: 0.057 Loaded shared library C:\Program Files\Java\jdk-24\bin\awt.dll
Event: 0.331 Loaded shared library C:\Program Files\Java\jdk-24\bin\freetype.dll
Event: 0.332 Loaded shared library C:\Program Files\Java\jdk-24\bin\fontmanager.dll
Event: 0.392 Loaded shared library C:\Program Files\Java\jdk-24\bin\net.dll
Event: 0.394 Loaded shared library C:\Program Files\Java\jdk-24\bin\nio.dll
Event: 0.449 Loaded shared library C:\Windows\System32\ucrtbase.dll
Event: 0.450 Loaded shared library C:\Program Files\Java\jdk-24\bin\syslookup.dll

Deoptimization events (20 events):
Event: 0.592 Thread 0x000002435487dde0 Uncommon trap: trap_request=0xffffffd6 fr.pc=0x0000024307be9384 relative=0x00000000000001e4
Event: 0.592 Thread 0x000002435487dde0 Uncommon trap: reason=array_check action=maybe_recompile pc=0x0000024307be9384 method=java.util.Arrays.fill([Ljava/lang/Object;Ljava/lang/Object;)V @ 13 c2
Event: 0.592 Thread 0x000002435487dde0 DEOPT PACKING pc=0x0000024307be9384 sp=0x000000d6d95faf20
Event: 0.592 Thread 0x000002435487dde0 DEOPT UNPACKING pc=0x0000024307568602 sp=0x000000d6d95faeb0 mode 2
Event: 0.592 Thread 0x000002435487dde0 Uncommon trap: trap_request=0xffffffd6 fr.pc=0x0000024307be9384 relative=0x00000000000001e4
Event: 0.592 Thread 0x000002435487dde0 Uncommon trap: reason=array_check action=maybe_recompile pc=0x0000024307be9384 method=java.util.Arrays.fill([Ljava/lang/Object;Ljava/lang/Object;)V @ 13 c2
Event: 0.592 Thread 0x000002435487dde0 DEOPT PACKING pc=0x0000024307be9384 sp=0x000000d6d95fac10
Event: 0.592 Thread 0x000002435487dde0 DEOPT UNPACKING pc=0x0000024307568602 sp=0x000000d6d95faba0 mode 2
Event: 0.593 Thread 0x000002435487dde0 Uncommon trap: trap_request=0xffffffd6 fr.pc=0x0000024307be9384 relative=0x00000000000001e4
Event: 0.593 Thread 0x000002435487dde0 Uncommon trap: reason=array_check action=maybe_recompile pc=0x0000024307be9384 method=java.util.Arrays.fill([Ljava/lang/Object;Ljava/lang/Object;)V @ 13 c2
Event: 0.593 Thread 0x000002435487dde0 DEOPT PACKING pc=0x0000024307be9384 sp=0x000000d6d95fb480
Event: 0.593 Thread 0x000002435487dde0 DEOPT UNPACKING pc=0x0000024307568602 sp=0x000000d6d95fb410 mode 2
Event: 0.593 Thread 0x000002435487dde0 Uncommon trap: trap_request=0xffffffd6 fr.pc=0x0000024307be9384 relative=0x00000000000001e4
Event: 0.593 Thread 0x000002435487dde0 Uncommon trap: reason=array_check action=maybe_recompile pc=0x0000024307be9384 method=java.util.Arrays.fill([Ljava/lang/Object;Ljava/lang/Object;)V @ 13 c2
Event: 0.593 Thread 0x000002435487dde0 DEOPT PACKING pc=0x0000024307be9384 sp=0x000000d6d95fb1f0
Event: 0.593 Thread 0x000002435487dde0 DEOPT UNPACKING pc=0x0000024307568602 sp=0x000000d6d95fb180 mode 2
Event: 0.611 Thread 0x000002435487dde0 Uncommon trap: trap_request=0xffffff5c fr.pc=0x0000024307bbd860 relative=0x0000000000000060
Event: 0.611 Thread 0x000002435487dde0 Uncommon trap: reason=speculate_null_check action=make_not_entrant pc=0x0000024307bbd860 method=jdk.internal.misc.Unsafe.getIntUnaligned(Ljava/lang/Object;JZ)I @ 5 c2
Event: 0.611 Thread 0x000002435487dde0 DEOPT PACKING pc=0x0000024307bbd860 sp=0x000000d6d95fb890
Event: 0.611 Thread 0x000002435487dde0 DEOPT UNPACKING pc=0x0000024307568602 sp=0x000000d6d95fb7e8 mode 2

Classes loaded (20 events):
Event: 0.672 Loading class java/text/CharacterIterator
Event: 0.672 Loading class java/text/CharacterIterator done
Event: 0.672 Loading class java/text/AttributedCharacterIterator done
Event: 0.672 Loading class java/text/AttributedString$AttributedStringIterator done
Event: 0.673 Loading class java/util/concurrent/locks/AbstractQueuedSynchronizer$ExclusiveNode
Event: 0.673 Loading class java/util/concurrent/locks/AbstractQueuedSynchronizer$Node
Event: 0.673 Loading class java/util/concurrent/locks/AbstractQueuedSynchronizer$Node done
Event: 0.673 Loading class java/util/concurrent/locks/AbstractQueuedSynchronizer$ExclusiveNode done
Event: 0.673 Loading class java/util/concurrent/locks/AbstractQueuedSynchronizer$ConditionNode
Event: 0.673 Loading class java/util/concurrent/ForkJoinPool$ManagedBlocker
Event: 0.673 Loading class java/util/concurrent/ForkJoinPool$ManagedBlocker done
Event: 0.673 Loading class java/util/concurrent/locks/AbstractQueuedSynchronizer$ConditionNode done
Event: 1.810 Loading class java/awt/Canvas
Event: 1.811 Loading class java/awt/Canvas done
Event: 1.811 Loading class java/awt/Scrollbar
Event: 1.811 Loading class java/awt/Adjustable
Event: 1.811 Loading class java/awt/Adjustable done
Event: 1.811 Loading class java/awt/Scrollbar done
Event: 1.811 Loading class java/awt/Panel
Event: 1.811 Loading class java/awt/Panel done

Classes unloaded (0 events):
No events

Classes redefined (0 events):
No events

Internal exceptions (20 events):
Event: 0.580 Thread 0x000002435487dde0 Exception <a 'java/lang/NoSuchMethodError'{0x0000000712efaee0}: 'void java.lang.invoke.DelegatingMethodHandle$Holder.delegate(java.lang.Object, java.lang.Object, int, java.lang.Object)'> (0x0000000712efaee0) 
thrown [s\open\src\hotspot\share\interpreter\linkResolver.cpp, line 805]
Event: 0.584 Thread 0x000002435487dde0 Exception <a 'java/lang/NoSuchMethodError'{0x0000000712f3c9d8}: 'int java.lang.invoke.DirectMethodHandle$Holder.invokeSpecial(java.lang.Object, java.lang.Object, java.lang.Object, int, java.lang.Object)'> (0x0000000712f3c9d8) 
thrown [s\open\src\hotspot\share\interpreter\linkResolver.cpp, line 805]
Event: 0.585 Thread 0x000002435487dde0 Exception <a 'java/lang/NoSuchMethodError'{0x0000000712f44dd8}: 'int java.lang.invoke.DelegatingMethodHandle$Holder.reinvoke_L(java.lang.Object, java.lang.Object, int, java.lang.Object)'> (0x0000000712f44dd8) 
thrown [s\open\src\hotspot\share\interpreter\linkResolver.cpp, line 805]
Event: 0.586 Thread 0x000002435487dde0 Exception <a 'java/lang/NoSuchMethodError'{0x0000000712f6f710}: 'int java.lang.invoke.DelegatingMethodHandle$Holder.reinvoke_L(java.lang.Object, java.lang.Object, int, long)'> (0x0000000712f6f710) 
thrown [s\open\src\hotspot\share\interpreter\linkResolver.cpp, line 805]
Event: 0.586 Thread 0x000002435487dde0 Exception <a 'java/lang/NoSuchMethodError'{0x0000000712f7fd58}: 'int java.lang.invoke.DirectMethodHandle$Holder.invokeSpecial(java.lang.Object, java.lang.Object, int, long)'> (0x0000000712f7fd58) 
thrown [s\open\src\hotspot\share\interpreter\linkResolver.cpp, line 805]
Event: 0.587 Thread 0x000002435487dde0 Exception <a 'java/lang/NoSuchMethodError'{0x0000000712f88008}: 'int java.lang.invoke.Invokers$Holder.exactInvoker(java.lang.Object, java.lang.Object, int, long)'> (0x0000000712f88008) 
thrown [s\open\src\hotspot\share\interpreter\linkResolver.cpp, line 805]
Event: 0.587 Thread 0x000002435487dde0 Exception <a 'java/lang/NoSuchMethodError'{0x0000000712f90a00}: 'int java.lang.invoke.DelegatingMethodHandle$Holder.delegate(java.lang.Object, java.lang.Object, int, long)'> (0x0000000712f90a00) 
thrown [s\open\src\hotspot\share\interpreter\linkResolver.cpp, line 805]
Event: 0.588 Thread 0x000002435487dde0 Exception <a 'java/lang/NoSuchMethodError'{0x0000000712fa2958}: 'long java.lang.invoke.DirectMethodHandle$Holder.invokeSpecial(java.lang.Object, java.lang.Object, long, long)'> (0x0000000712fa2958) 
thrown [s\open\src\hotspot\share\interpreter\linkResolver.cpp, line 805]
Event: 0.592 Thread 0x000002435487dde0 Exception <a 'java/lang/NoSuchMethodError'{0x0000000712fddd10}: 'void java.lang.invoke.DirectMethodHandle$Holder.invokeSpecial(java.lang.Object, java.lang.Object, float, java.lang.Object, java.lang.Object, java.lang.Object, int, int, int, int, int, float, float, int, int, java.lang.Object, java.lang.Object)'> (0x0000000712fddd10) 
thrown [s\open\src\hotspot\share\interpreter\linkResolver.cpp, line 805]
Event: 0.593 Thread 0x000002435487dde0 Exception <a 'java/lang/NoSuchMethodError'{0x0000000712fffc30}: 'int java.lang.invoke.DirectMethodHandle$Holder.invokeSpecial(java.lang.Object, java.lang.Object, int, java.lang.Object)'> (0x0000000712fffc30) 
thrown [s\open\src\hotspot\share\interpreter\linkResolver.cpp, line 805]
Event: 0.594 Thread 0x000002435487dde0 Exception <a 'java/lang/NoSuchMethodError'{0x0000000712c0ff60}: 'java.lang.Object java.lang.invoke.Invokers$Holder.invokeExact_MT(java.lang.Object, long, java.lang.Object)'> (0x0000000712c0ff60) 
thrown [s\open\src\hotspot\share\interpreter\linkResolver.cpp, line 805]
Event: 0.596 Thread 0x000002435487dde0 Exception <a 'java/lang/NoSuchMethodError'{0x0000000712c4c360}: 'void java.lang.invoke.DelegatingMethodHandle$Holder.reinvoke_L(java.lang.Object, java.lang.Object, java.lang.Object, java.lang.Object, long, long, long)'> (0x0000000712c4c360) 
thrown [s\open\src\hotspot\share\interpreter\linkResolver.cpp, line 805]
Event: 0.598 Thread 0x000002435487dde0 Exception <a 'java/lang/NoSuchMethodError'{0x0000000712c75380}: 'java.lang.Object java.lang.invoke.DirectMethodHandle$Holder.invokeStatic(java.lang.Object, java.lang.Object, java.lang.Object, java.lang.Object, java.lang.Object, java.lang.Object, long)'> (0x0000000712c75380) 
thrown [s\open\src\hotspot\share\interpreter\linkResolver.cpp, line 805]
Event: 0.603 Thread 0x000002435487dde0 Exception <a 'java/lang/NoSuchMethodError'{0x0000000712cb37d0}: 'void java.lang.invoke.DelegatingMethodHandle$Holder.reinvoke_L(java.lang.Object, java.lang.Object, java.lang.Object, java.lang.Object, long, long, int)'> (0x0000000712cb37d0) 
thrown [s\open\src\hotspot\share\interpreter\linkResolver.cpp, line 805]
Event: 0.604 Thread 0x000002435487dde0 Exception <a 'java/lang/NoSuchMethodError'{0x0000000712cd3588}: 'java.lang.Object java.lang.invoke.DirectMethodHandle$Holder.invokeStatic(java.lang.Object, java.lang.Object, java.lang.Object, java.lang.Object, java.lang.Object, long)'> (0x0000000712cd3588) 
thrown [s\open\src\hotspot\share\interpreter\linkResolver.cpp, line 805]
Event: 0.605 Thread 0x000002435487dde0 Exception <a 'java/lang/NoSuchMethodError'{0x0000000712cec930}: 'int java.lang.invoke.Invokers$Holder.invokeExact_MT(java.lang.Object, java.lang.Object, java.lang.Object, int, java.lang.Object, java.lang.Object)'> (0x0000000712cec930) 
thrown [s\open\src\hotspot\share\interpreter\linkResolver.cpp, line 805]
Event: 0.608 Thread 0x000002435487dde0 Exception <a 'java/lang/NoSuchMethodError'{0x0000000712d09250}: 'float java.lang.invoke.DelegatingMethodHandle$Holder.reinvoke_L(java.lang.Object, java.lang.Object, java.lang.Object, java.lang.Object, long, long)'> (0x0000000712d09250) 
thrown [s\open\src\hotspot\share\interpreter\linkResolver.cpp, line 805]
Event: 0.610 Thread 0x000002435487dde0 Exception <a 'java/lang/NoSuchMethodError'{0x0000000712d31920}: 'java.lang.Object java.lang.invoke.DirectMethodHandle$Holder.invokeStatic(java.lang.Object, java.lang.Object, java.lang.Object, java.lang.Object, java.lang.Object, long, long)'> (0x0000000712d31920) 
thrown [s\open\src\hotspot\share\interpreter\linkResolver.cpp, line 805]
Event: 0.614 Thread 0x000002435487dde0 Exception <a 'java/lang/NoSuchMethodError'{0x0000000712d64738}: 'int java.lang.invoke.DelegatingMethodHandle$Holder.reinvoke_L(java.lang.Object, java.lang.Object, java.lang.Object, java.lang.Object, long, long)'> (0x0000000712d64738) 
thrown [s\open\src\hotspot\share\interpreter\linkResolver.cpp, line 805]
Event: 0.615 Thread 0x000002435487dde0 Exception <a 'java/lang/NoSuchMethodError'{0x0000000712d8cbf0}: 'java.lang.Object java.lang.invoke.DirectMethodHandle$Holder.invokeStatic(java.lang.Object, java.lang.Object, java.lang.Object, java.lang.Object, java.lang.Object, long, java.lang.Object)'> (0x0000000712d8cbf0) 
thrown [s\open\src\hotspot\share\interpreter\linkResolver.cpp, line 805]

VM Operations (12 events):
Event: 0.278 Executing VM operation: HandshakeAllThreads (Deoptimize)
Event: 0.278 Executing VM operation: HandshakeAllThreads (Deoptimize) done
Event: 0.289 Executing VM operation: HandshakeAllThreads (Deoptimize)
Event: 0.289 Executing VM operation: HandshakeAllThreads (Deoptimize) done
Event: 0.444 Executing VM operation: HandshakeAllThreads (Deoptimize)
Event: 0.444 Executing VM operation: HandshakeAllThreads (Deoptimize) done
Event: 0.506 Executing VM operation: HandshakeAllThreads (Deoptimize)
Event: 0.506 Executing VM operation: HandshakeAllThreads (Deoptimize) done
Event: 0.584 Executing VM operation: HandshakeAllThreads (Deoptimize)
Event: 0.584 Executing VM operation: HandshakeAllThreads (Deoptimize) done
Event: 0.662 Executing VM operation: HandshakeAllThreads (Deoptimize)
Event: 0.662 Executing VM operation: HandshakeAllThreads (Deoptimize) done

Memory protections (0 events):
No events

Nmethod flushes (0 events):
No events

Events (20 events):
Event: 0.033 Thread 0x000002436bc7e400 Thread added: 0x000002437f0f5210
Event: 0.033 Thread 0x000002436bc7e400 Thread added: 0x000002437f0f9400
Event: 0.035 Thread 0x000002436bc7e400 Thread added: 0x00000243540616c0
Event: 0.039 Thread 0x000002436bc7e400 Thread added: 0x00000243540a15b0
Event: 0.062 Thread 0x000002437f0f9400 Thread added: 0x000002437f0f7d50
Event: 0.100 Thread 0x000002436bc7e400 Thread added: 0x00000243545c0040
Event: 0.101 Thread 0x000002436bc7e400 Thread added: 0x00000243545c2790
Event: 0.101 Thread 0x000002436bc7e400 Thread added: 0x00000243545c6ee0
Event: 0.109 Thread 0x000002436bc7e400 Thread added: 0x000002435487dde0
Event: 0.110 Thread 0x000002436bc7e400 Thread exited: 0x000002436bc7e400
Event: 0.110 Thread 0x000002436bc7e400 Thread added: 0x000002436bc7e400
Event: 0.255 Thread 0x000002437f0f9400 Thread added: 0x000002437f0f6e30
Event: 0.417 Thread 0x000002437f0f7d50 Thread added: 0x000002437f0f84e0
Event: 0.546 Thread 0x000002437f0f9400 Thread added: 0x000002437f0f66a0
Event: 0.598 Thread 0x000002437f0f7d50 Thread added: 0x000002437f0f8c70
Event: 0.777 Thread 0x000002437f0f8c70 Thread exited: 0x000002437f0f8c70
Event: 0.823 Thread 0x000002437f0f66a0 Thread exited: 0x000002437f0f66a0
Event: 6.164 Thread 0x000002437f0f84e0 Thread exited: 0x000002437f0f84e0
Event: 6.164 Thread 0x000002437f0f6e30 Thread exited: 0x000002437f0f6e30
Event: 11.940 Thread 0x000002437f0f7d50 Thread exited: 0x000002437f0f7d50


Dynamic libraries:
0x00007ff78d400000 - 0x00007ff78d410000 	C:\Program Files\Java\jdk-24\bin\java.exe
0x00007ffd854a0000 - 0x00007ffd85707000 	C:\WINDOWS\SYSTEM32\ntdll.dll
0x00007ffd83f00000 - 0x00007ffd83fc9000 	C:\WINDOWS\System32\KERNEL32.DLL
0x00007ffd823f0000 - 0x00007ffd827e7000 	C:\WINDOWS\System32\KERNELBASE.dll
0x00007ffd82050000 - 0x00007ffd8219b000 	C:\WINDOWS\System32\ucrtbase.dll
0x00007ffd6d570000 - 0x00007ffd6d58b000 	C:\Program Files\Java\jdk-24\bin\VCRUNTIME140.dll
0x00007ffd6d410000 - 0x00007ffd6d426000 	C:\Program Files\Java\jdk-24\bin\jli.dll
0x00007ffd836f0000 - 0x00007ffd838b6000 	C:\WINDOWS\System32\USER32.dll
0x00007ffd60fa0000 - 0x00007ffd61232000 	C:\WINDOWS\WinSxS\amd64_microsoft.windows.common-controls_6595b64144ccf1df_6.0.26100.8457_none_3e0b2faee331e92d\COMCTL32.dll
0x00007ffd82250000 - 0x00007ffd82277000 	C:\WINDOWS\System32\win32u.dll
0x00007ffd83e50000 - 0x00007ffd83ef9000 	C:\WINDOWS\System32\msvcrt.dll
0x00007ffd84db0000 - 0x00007ffd84ddb000 	C:\WINDOWS\System32\GDI32.dll
0x00007ffd83060000 - 0x00007ffd8318c000 	C:\WINDOWS\System32\gdi32full.dll
0x00007ffd821a0000 - 0x00007ffd82243000 	C:\WINDOWS\System32\msvcp_win.dll
0x00007ffd844d0000 - 0x00007ffd84502000 	C:\WINDOWS\System32\IMM32.DLL
0x00007ffd6d450000 - 0x00007ffd6d45c000 	C:\Program Files\Java\jdk-24\bin\vcruntime140_1.dll
0x00007ffd4d920000 - 0x00007ffd4d9ae000 	C:\Program Files\Java\jdk-24\bin\msvcp140.dll
0x00007ffce0610000 - 0x00007ffce13b1000 	C:\Program Files\Java\jdk-24\bin\server\jvm.dll
0x00007ffd84360000 - 0x00007ffd84416000 	C:\WINDOWS\System32\ADVAPI32.dll
0x00007ffd850c0000 - 0x00007ffd85167000 	C:\WINDOWS\System32\sechost.dll
0x00007ffd84510000 - 0x00007ffd84628000 	C:\WINDOWS\System32\RPCRT4.dll
0x00007ffd851d0000 - 0x00007ffd85250000 	C:\WINDOWS\System32\WS2_32.dll
0x00007ffd81d30000 - 0x00007ffd81d8e000 	C:\WINDOWS\SYSTEM32\POWRPROF.dll
0x00007ffd7c630000 - 0x00007ffd7c666000 	C:\WINDOWS\SYSTEM32\WINMM.dll
0x00007ffd795e0000 - 0x00007ffd795eb000 	C:\WINDOWS\SYSTEM32\VERSION.dll
0x00007ffd81d10000 - 0x00007ffd81d24000 	C:\WINDOWS\SYSTEM32\UMPDC.dll
0x00007ffd80c20000 - 0x00007ffd80c3b000 	C:\WINDOWS\SYSTEM32\kernel.appcore.dll
0x00007ffd6d2b0000 - 0x00007ffd6d2ba000 	C:\Program Files\Java\jdk-24\bin\jimage.dll
0x00007ffd7fce0000 - 0x00007ffd7ff22000 	C:\WINDOWS\SYSTEM32\DBGHELP.DLL
0x00007ffd83fd0000 - 0x00007ffd84353000 	C:\WINDOWS\System32\combase.dll
0x00007ffd83b90000 - 0x00007ffd83c69000 	C:\WINDOWS\System32\OLEAUT32.dll
0x00007ffd5b260000 - 0x00007ffd5b29b000 	C:\WINDOWS\SYSTEM32\dbgcore.DLL
0x00007ffd82280000 - 0x00007ffd82328000 	C:\WINDOWS\System32\bcryptPrimitives.dll
0x00007ffd6d290000 - 0x00007ffd6d2ae000 	C:\Program Files\Java\jdk-24\bin\java.dll
0x00007ffd85260000 - 0x00007ffd853f7000 	C:\WINDOWS\System32\ole32.dll
0x00007ffd84630000 - 0x00007ffd84d9e000 	C:\WINDOWS\System32\SHELL32.dll
0x00007ffd827f0000 - 0x00007ffd8305c000 	C:\WINDOWS\System32\windows.storage.dll
0x00007ffd84de0000 - 0x00007ffd84ed6000 	C:\WINDOWS\System32\SHCORE.dll
0x00007ffd83b20000 - 0x00007ffd83b86000 	C:\WINDOWS\System32\shlwapi.dll
0x00007ffd81df0000 - 0x00007ffd81e19000 	C:\WINDOWS\SYSTEM32\profapi.dll
0x00007ffd01d30000 - 0x00007ffd01e07000 	C:\Program Files\Java\jdk-24\bin\jsvml.dll
0x00007ffcde9b0000 - 0x00007ffcdeb2f000 	C:\Program Files\Java\jdk-24\bin\awt.dll
0x00007ffd7f330000 - 0x00007ffd7f3d0000 	C:\WINDOWS\SYSTEM32\apphelp.dll
0x00007ffd7eee0000 - 0x00007ffd7ef8a000 	C:\WINDOWS\system32\uxtheme.dll
0x00007ffd83c70000 - 0x00007ffd83dcc000 	C:\WINDOWS\System32\MSCTF.dll
0x00007ffd7f770000 - 0x00007ffd7f79f000 	C:\WINDOWS\system32\DWMAPI.DLL
0x00007ffd5d950000 - 0x00007ffd5da5f000 	C:\WINDOWS\system32\opengl32.dll
0x00007ffd5c1f0000 - 0x00007ffd5c21d000 	C:\WINDOWS\SYSTEM32\GLU32.dll
0x00007ffd7f590000 - 0x00007ffd7f5d5000 	C:\WINDOWS\SYSTEM32\dxcore.dll
0x00007ffd81a40000 - 0x00007ffd81a91000 	C:\WINDOWS\SYSTEM32\CFGMGR32.dll
0x00007ffd01ca0000 - 0x00007ffd01d27000 	C:\Program Files\Java\jdk-24\bin\freetype.dll
0x00007ffd003d0000 - 0x00007ffd004b7000 	C:\Program Files\Java\jdk-24\bin\fontmanager.dll
0x00007ffd50cf0000 - 0x00007ffd50e36000 	C:\WINDOWS\SYSTEM32\textinputframework.dll
0x00007ffd4d8d0000 - 0x00007ffd4d8e0000 	C:\Program Files\Java\jdk-24\bin\net.dll
0x00007ffd81170000 - 0x00007ffd811dc000 	C:\WINDOWS\system32\mswsock.dll
0x00007ffd4d8b0000 - 0x00007ffd4d8c6000 	C:\Program Files\Java\jdk-24\bin\nio.dll
0x00007ffd3de00000 - 0x00007ffd3de09000 	C:\Program Files\Java\jdk-24\bin\syslookup.dll
0x00007ffd7edb0000 - 0x00007ffd7eed7000 	C:\WINDOWS\SYSTEM32\CoreMessaging.dll
0x00007ffd79710000 - 0x00007ffd799f2000 	C:\WINDOWS\SYSTEM32\CoreUIComponents.dll
0x00007ffd7ba50000 - 0x00007ffd7bbba000 	C:\WINDOWS\SYSTEM32\wintypes.dll
0x00007ffd813d0000 - 0x00007ffd813dc000 	C:\WINDOWS\SYSTEM32\CRYPTBASE.DLL

JVMTI agents: none

dbghelp: loaded successfully - version: 4.0.5 - missing functions: none
symbol engine: initialized successfully - sym options: 0x614 - pdb path: .;C:\Program Files\Java\jdk-24\bin;C:\WINDOWS\SYSTEM32;C:\WINDOWS\WinSxS\amd64_microsoft.windows.common-controls_6595b64144ccf1df_6.0.26100.8457_none_3e0b2faee331e92d;C:\Program Files\Java\jdk-24\bin\server

VM Arguments:
java_command: iessineu.penguinrunner.PenguinRunner
java_class_path (initial): C:\Users\loren\Desktop\CLASSE\AA intermodular\Projecte-Lode-Runner\PenguinRunner\target\classes
Launcher Type: SUN_STANDARD

[Global flags]
     intx CICompilerCount                          = 12                                        {product} {ergonomic}
     uint ConcGCThreads                            = 3                                         {product} {ergonomic}
     uint G1ConcRefinementThreads                  = 13                                        {product} {ergonomic}
   size_t G1HeapRegionSize                         = 2097152                                   {product} {ergonomic}
   size_t InitialHeapSize                          = 264241152                                 {product} {ergonomic}
   size_t MarkStackSize                            = 4194304                                   {product} {ergonomic}
   size_t MarkStackSizeMax                         = 536870912                                 {product} {ergonomic}
   size_t MaxHeapSize                              = 4219469824                                {product} {ergonomic}
   size_t MaxNewSize                               = 2531262464                                {product} {ergonomic}
   size_t MinHeapDeltaBytes                        = 2097152                                   {product} {ergonomic}
   size_t MinHeapSize                              = 8388608                                   {product} {ergonomic}
    uintx NonNMethodCodeHeapSize                   = 7602176                                {pd product} {ergonomic}
    uintx NonProfiledCodeHeapSize                  = 122093568                              {pd product} {ergonomic}
    uintx ProfiledCodeHeapSize                     = 121962496                              {pd product} {ergonomic}
    uintx ReservedCodeCacheSize                    = 251658240                              {pd product} {ergonomic}
     bool SegmentedCodeCache                       = true                                      {product} {ergonomic}
   size_t SoftMaxHeapSize                          = 4219469824                             {manageable} {ergonomic}
     bool UseCompressedOops                        = true                           {product lp64_product} {ergonomic}
     bool UseG1GC                                  = true                                      {product} {ergonomic}
     bool UseLargePagesIndividualAllocation        = false                                  {pd product} {ergonomic}

Logging:
Log output configuration:
 #0: stdout all=warning uptime,level,tags foldmultilines=false
 #1: stderr all=off uptime,level,tags foldmultilines=false

Environment Variables:
JAVA_HOME=C:\Program Files\Java\jdk-24
PATH=C:\Program Files\Common Files\Oracle\Java\javapath;C:\WINDOWS\system32;C:\WINDOWS;C:\WINDOWS\System32\Wbem;C:\WINDOWS\System32\WindowsPowerShell\v1.0\;C:\WINDOWS\System32\OpenSSH\;C:\Program Files\Autofirma\Autofirma;C:\Program Files\nodejs\;C:\Program Files\Git\cmd;C:\Users\loren\AppData\Local\Microsoft\WindowsApps;C:\Users\loren\AppData\Local\Programs\Microsoft VS Code\bin;C:\Users\loren\AppData\Local\GitHubDesktop\bin;C:\Users\loren\AppData\Roaming\npm
USERNAME=loren
OS=Windows_NT
PROCESSOR_IDENTIFIER=Intel64 Family 6 Model 186 Stepping 2, GenuineIntel
TMP=C:\Users\loren\AppData\Local\Temp
TEMP=C:\Users\loren\AppData\Local\Temp




Periodic native trim disabled

---------------  S Y S T E M  ---------------

OS:
 Windows 11 , 64 bit Build 26100 (10.0.26100.8328)
OS uptime: 6 days 1:27 hours
Hyper-V role detected

CPU: total 16 (initial active 16) (8 cores per cpu, 2 threads per core) family 6 model 186 stepping 2 microcode 0x4119, cx8, cmov, fxsr, ht, mmx, 3dnowpref, sse, sse2, sse3, ssse3, sse4.1, sse4.2, popcnt, lzcnt, tsc, tscinvbit, avx, avx2, aes, erms, clmul, bmi1, bmi2, adx, sha, fma, vzeroupper, clflush, clflushopt, clwb, hv, serialize, rdtscp, rdpid, fsrm, gfni, f16c, cet_ibt, cet_ss
Processor Information for processor 0
  Max Mhz: 2600, Current Mhz: 2600, Mhz Limit: 2600
Processor Information for processor 1
  Max Mhz: 2600, Current Mhz: 1496, Mhz Limit: 2600
Processor Information for processor 2
  Max Mhz: 2600, Current Mhz: 2600, Mhz Limit: 2600
Processor Information for processor 3
  Max Mhz: 2600, Current Mhz: 2600, Mhz Limit: 2600
Processor Information for processor 4
  Max Mhz: 2600, Current Mhz: 1496, Mhz Limit: 2600
Processor Information for processor 5
  Max Mhz: 2600, Current Mhz: 1496, Mhz Limit: 2600
Processor Information for processor 6
  Max Mhz: 2600, Current Mhz: 2600, Mhz Limit: 2600
Processor Information for processor 7
  Max Mhz: 2600, Current Mhz: 1496, Mhz Limit: 2600
Processor Information for processor 8
  Max Mhz: 2600, Current Mhz: 1900, Mhz Limit: 1898
Processor Information for processor 9
  Max Mhz: 2600, Current Mhz: 1900, Mhz Limit: 1898
Processor Information for processor 10
  Max Mhz: 2600, Current Mhz: 1900, Mhz Limit: 1898
Processor Information for processor 11
  Max Mhz: 2600, Current Mhz: 1900, Mhz Limit: 1898
Processor Information for processor 12
  Max Mhz: 2600, Current Mhz: 1900, Mhz Limit: 1898
Processor Information for processor 13
  Max Mhz: 2600, Current Mhz: 1900, Mhz Limit: 1898
Processor Information for processor 14
  Max Mhz: 2600, Current Mhz: 1900, Mhz Limit: 1898
Processor Information for processor 15
  Max Mhz: 2600, Current Mhz: 1900, Mhz Limit: 1898

Memory: 4k page, system-wide physical 16092M (4909M free)
TotalPageFile size 20700M (AvailPageFile size 6805M)
current process WorkingSet (physical memory assigned to process): 97M, peak: 106M
current process commit charge ("private bytes"): 373M, peak: 394M

vm_info: Java HotSpot(TM) 64-Bit Server VM (24.0.2+12-54) for windows-amd64 JRE (24.0.2+12-54), built on 2025-07-08T12:10:27Z with MS VC++ 17.6 (VS2022)

END.
